[debug] [2025-10-17T18:46:01.683Z] ----------------------------------------------------------------------
[debug] [2025-10-17T18:46:01.687Z] Command:       C:\Program Files\nodejs\node.exe C:\Users\DELL INSPIRON\AppData\Roaming\npm\node_modules\firebase-tools\lib\bin\firebase.js init hosting
[debug] [2025-10-17T18:46:01.688Z] CLI Version:   14.7.0
[debug] [2025-10-17T18:46:01.689Z] Platform:      win32
[debug] [2025-10-17T18:46:01.689Z] Node Version:  v22.12.0
[debug] [2025-10-17T18:46:01.689Z] Time:          Fri Oct 17 2025 13:46:01 GMT-0500 (hora estándar de Colombia)
[debug] [2025-10-17T18:46:01.689Z] ----------------------------------------------------------------------
[debug] 
[debug] [2025-10-17T18:46:01.697Z] > command requires scopes: ["email","openid","https://www.googleapis.com/auth/cloudplatformprojects.readonly","https://www.googleapis.com/auth/firebase","https://www.googleapis.com/auth/cloud-platform"]
[debug] [2025-10-17T18:46:01.698Z] > authorizing via signed-in user (maav1303@gmail.com)
[info] 
     ######## #### ########  ######## ########     ###     ######  ########
     ##        ##  ##     ## ##       ##     ##  ##   ##  ##       ##
     ######    ##  ########  ######   ########  #########  ######  ######
     ##        ##  ##    ##  ##       ##     ## ##     ##       ## ##
     ##       #### ##     ## ######## ########  ##     ##  ######  ########

You're about to initialize a Firebase project in this directory:

  C:\Users\Public\Documents\WisePick\frontend

Before we get started, keep in mind:

  * You are currently outside your home directory

